<?xml version="1.0" encoding="UTF-8"?>
<!-- Generated by org.testng.reporters.JUnitXMLReporter -->
<testsuite hostname="NetPC" ignored="0" name="Test" tests="3" failures="0" timestamp="2020-02-24T10:22:08 CST" time="283.247" errors="0">
  <testcase name="totalValidation" time="103.575" classname="appiumcourse.AppiumMaven.ecommerceTest"/>
  <testcase name="apiDemo" time="87.671" classname="appiumcourse.AppiumMaven.apiDemoTest"/>
  <testcase name="apiDemo" time="88.882" classname="appiumcourse.AppiumMaven.apiDemoTest"/>
</testsuite> <!-- Test -->
