<?xml version="1.0" encoding="UTF-8"?>
<!-- Generated by org.testng.reporters.JUnitXMLReporter -->
<testsuite ignored="0" hostname="NetPC" failures="0" tests="3" name="Test" time="124.607" errors="0" timestamp="2020-02-24T11:53:00 CST">
  <testcase classname="appiumcourse.AppiumMaven.ecommerceTest" name="totalValidation" time="44.459"/>
  <testcase classname="appiumcourse.AppiumMaven.apiDemoTest" name="apiDemo" time="39.144"/>
  <testcase classname="appiumcourse.AppiumMaven.apiDemoTest" name="apiDemo" time="37.905"/>
</testsuite> <!-- Test -->
