<?xml version="1.0" encoding="UTF-8"?>
<testsuite xmlns:xsi="http://www.w3.org/2001/XMLSchema-instance" xsi:noNamespaceSchemaLocation="https://maven.apache.org/surefire/maven-surefire-plugin/xsd/surefire-test-report-3.0.xsd" version="3.0" name="TestSuite" time="127.324" tests="3" errors="0" skipped="0" failures="0">
  <properties>
[...]
</properties>
  <testcase name="totalValidation" classname="appiumcourse.AppiumMaven.ecommerceTest" time="44.462"/>
  <testcase name="apiDemo" classname="appiumcourse.AppiumMaven.apiDemoTest" time="39.145"/>
  <testcase name="apiDemo" classname="appiumcourse.AppiumMaven.apiDemoTest" time="37.905"/>
</testsuite>