<?xml version="1.0" encoding="UTF-8"?>
<testng-results ignored="0" total="3" passed="3" failed="0" skipped="0">
  <reporter-output>
  </reporter-output>
  <suite started-at="2020-02-24T11:50:55 CST" name="Suite" finished-at="2020-02-24T11:53:00 CST" duration-ms="124607">
    <groups>
    </groups>
    <test started-at="2020-02-24T11:50:55 CST" name="Test" finished-at="2020-02-24T11:53:00 CST" duration-ms="124607">
      <class name="appiumcourse.AppiumMaven.ecommerceTest">
        <test-method is-config="true" signature="killAllTheProcess()[pri:0, instance:appiumcourse.AppiumMaven.ecommerceTest@7b227d8d]" started-at="2020-02-24T11:50:55 CST" name="killAllTheProcess" finished-at="2020-02-24T11:50:58 CST" duration-ms="3027" status="PASS">
          <reporter-output>
          </reporter-output>
        </test-method> <!-- killAllTheProcess -->
        <test-method signature="totalValidation()[pri:0, instance:appiumcourse.AppiumMaven.ecommerceTest@7b227d8d]" started-at="2020-02-24T11:50:58 CST" name="totalValidation" finished-at="2020-02-24T11:51:43 CST" duration-ms="44459" status="PASS">
          <reporter-output>
          </reporter-output>
        </test-method> <!-- totalValidation -->
      </class> <!-- appiumcourse.AppiumMaven.ecommerceTest -->
      <class name="appiumcourse.AppiumMaven.apiDemoTest">
        <test-method signature="apiDemo(java.lang.String)[pri:0, instance:appiumcourse.AppiumMaven.apiDemoTest@7219ec67]" started-at="2020-02-24T11:51:43 CST" name="apiDemo" data-provider="InputData" finished-at="2020-02-24T11:52:22 CST" duration-ms="39144" status="PASS">
          <params>
            <param index="0">
              <value>
                <![CDATA[hello]]>
              </value>
            </param>
          </params>
          <reporter-output>
          </reporter-output>
        </test-method> <!-- apiDemo -->
        <test-method signature="apiDemo(java.lang.String)[pri:0, instance:appiumcourse.AppiumMaven.apiDemoTest@7219ec67]" started-at="2020-02-24T11:52:22 CST" name="apiDemo" data-provider="InputData" finished-at="2020-02-24T11:53:00 CST" duration-ms="37905" status="PASS">
          <params>
            <param index="0">
              <value>
                <![CDATA[!@#$%]]>
              </value>
            </param>
          </params>
          <reporter-output>
          </reporter-output>
        </test-method> <!-- apiDemo -->
      </class> <!-- appiumcourse.AppiumMaven.apiDemoTest -->
    </test> <!-- Test -->
  </suite> <!-- Suite -->
</testng-results>
